<?xml version="1.0" encoding="UTF-8"?>
<testng-results ignored="0" total="0" passed="0" failed="0" skipped="0">
  <reporter-output>
  </reporter-output>
  <suite started-at="2023-04-17T11:29:27 PDT" name="Default suite" finished-at="2023-04-17T11:29:28 PDT" duration-ms="645">
    <groups>
      <group name="cucumber">
        <method signature="AbstractTestNGCucumberTests.runScenario(io.cucumber.testng.PickleWrapper,io.cucumber.testng.FeatureWrapper)[pri:0, instance:Testrunner.TestRunner@4cc61eb1]" name="runScenario" class="io.cucumber.testng.AbstractTestNGCucumberTests"/>
      </group> <!-- cucumber -->
    </groups>
    <test started-at="2023-04-17T11:29:27 PDT" name="Default test" finished-at="2023-04-17T11:29:28 PDT" duration-ms="645">
      <class name="Testrunner.TestRunner">
        <test-method is-config="true" signature="setUpClass(org.testng.ITestContext)[pri:0, instance:Testrunner.TestRunner@4cc61eb1]" started-at="2023-04-17T11:29:27 PDT" name="setUpClass" finished-at="2023-04-17T11:29:28 PDT" duration-ms="496" status="PASS">
          <params>
            <param index="0">
              <value>
                <![CDATA[org.testng.TestRunner@3d49fd31]]>
              </value>
            </param>
          </params>
          <reporter-output>
          </reporter-output>
        </test-method> <!-- setUpClass -->
        <test-method is-config="true" signature="tearDownClass()[pri:0, instance:Testrunner.TestRunner@4cc61eb1]" started-at="2023-04-17T11:29:28 PDT" name="tearDownClass" finished-at="2023-04-17T11:29:28 PDT" duration-ms="22" status="PASS">
          <reporter-output>
          </reporter-output>
        </test-method> <!-- tearDownClass -->
      </class> <!-- Testrunner.TestRunner -->
    </test> <!-- Default test -->
  </suite> <!-- Default suite -->
</testng-results>
